<?xml version="1.0" encoding="UTF-8"?>
<testsuite xmlns:xsi="http://www.w3.org/2001/XMLSchema-instance" xsi:noNamespaceSchemaLocation="https://maven.apache.org/surefire/maven-surefire-plugin/xsd/surefire-test-report.xsd" name="dins.com.post.Tests_POST" time="3.377" tests="1" errors="0" skipped="0" failures="1">
  <properties>
    <property name="sun.desktop" value="windows"/>
    <property name="awt.toolkit" value="sun.awt.windows.WToolkit"/>
    <property name="java.specification.version" value="11"/>
    <property name="sun.cpu.isalist" value="amd64"/>
    <property name="sun.jnu.encoding" value="Cp1251"/>
    <property name="java.class.path" value="C:\Users\sobol\IdeaProjects\labs\clientAsured\target\test-classes;C:\Users\sobol\IdeaProjects\labs\clientAsured\target\classes;C:\Users\sobol\.m2\repository\org\testng\testng\7.1.0\testng-7.1.0.jar;C:\Users\sobol\.m2\repository\com\beust\jcommander\1.72\jcommander-1.72.jar;C:\Users\sobol\.m2\repository\com\google\inject\guice\4.1.0\guice-4.1.0-no_aop.jar;C:\Users\sobol\.m2\repository\javax\inject\javax.inject\1\javax.inject-1.jar;C:\Users\sobol\.m2\repository\aopalliance\aopalliance\1.0\aopalliance-1.0.jar;C:\Users\sobol\.m2\repository\com\google\guava\guava\19.0\guava-19.0.jar;C:\Users\sobol\.m2\repository\org\yaml\snakeyaml\1.21\snakeyaml-1.21.jar;C:\Users\sobol\.m2\repository\com\google\code\gson\gson\2.8.6\gson-2.8.6.jar;C:\Users\sobol\.m2\repository\io\rest-assured\rest-assured\4.3.0\rest-assured-4.3.0.jar;C:\Users\sobol\.m2\repository\org\codehaus\groovy\groovy\3.0.2\groovy-3.0.2.jar;C:\Users\sobol\.m2\repository\org\codehaus\groovy\groovy-xml\3.0.2\groovy-xml-3.0.2.jar;C:\Users\sobol\.m2\repository\org\apache\httpcomponents\httpclient\4.5.3\httpclient-4.5.3.jar;C:\Users\sobol\.m2\repository\org\apache\httpcomponents\httpcore\4.4.6\httpcore-4.4.6.jar;C:\Users\sobol\.m2\repository\commons-logging\commons-logging\1.2\commons-logging-1.2.jar;C:\Users\sobol\.m2\repository\commons-codec\commons-codec\1.9\commons-codec-1.9.jar;C:\Users\sobol\.m2\repository\org\apache\httpcomponents\httpmime\4.5.3\httpmime-4.5.3.jar;C:\Users\sobol\.m2\repository\org\hamcrest\hamcrest\2.1\hamcrest-2.1.jar;C:\Users\sobol\.m2\repository\org\ccil\cowan\tagsoup\tagsoup\1.2.1\tagsoup-1.2.1.jar;C:\Users\sobol\.m2\repository\io\rest-assured\json-path\4.3.0\json-path-4.3.0.jar;C:\Users\sobol\.m2\repository\org\codehaus\groovy\groovy-json\3.0.2\groovy-json-3.0.2.jar;C:\Users\sobol\.m2\repository\io\rest-assured\rest-assured-common\4.3.0\rest-assured-common-4.3.0.jar;C:\Users\sobol\.m2\repository\io\rest-assured\xml-path\4.3.0\xml-path-4.3.0.jar;C:\Users\sobol\.m2\repository\org\apache\commons\commons-lang3\3.4\commons-lang3-3.4.jar;C:\Users\sobol\.m2\repository\jakarta\xml\bind\jakarta.xml.bind-api\2.3.2\jakarta.xml.bind-api-2.3.2.jar;C:\Users\sobol\.m2\repository\jakarta\activation\jakarta.activation-api\1.2.1\jakarta.activation-api-1.2.1.jar;C:\Users\sobol\.m2\repository\com\sun\xml\bind\jaxb-osgi\2.3.0.1\jaxb-osgi-2.3.0.1.jar;C:\Users\sobol\.m2\repository\org\apache\sling\org.apache.sling.javax.activation\0.1.0\org.apache.sling.javax.activation-0.1.0.jar;C:\Users\sobol\.m2\repository\javax\activation\activation\1.1.1\activation-1.1.1.jar;C:\Users\sobol\.m2\repository\org\hamcrest\hamcrest-all\1.3\hamcrest-all-1.3.jar;"/>
    <property name="java.vm.vendor" value="Oracle Corporation"/>
    <property name="sun.arch.data.model" value="64"/>
    <property name="user.variant" value=""/>
    <property name="java.vendor.url" value="https://openjdk.java.net/"/>
    <property name="user.timezone" value="Europe/Moscow"/>
    <property name="java.vm.specification.version" value="11"/>
    <property name="os.name" value="Windows 10"/>
    <property name="sun.java.launcher" value="SUN_STANDARD"/>
    <property name="user.country" value="RU"/>
    <property name="sun.boot.library.path" value="C:\Program Files\Java\jdk-11.0.7\bin"/>
    <property name="sun.java.command" value="C:\Users\sobol\AppData\Local\Temp\surefire12906913349332378980\surefirebooter17610815692221498267.jar C:\Users\sobol\AppData\Local\Temp\surefire12906913349332378980 2020-06-10T12-28-45_893-jvmRun1 surefire1304028151033749612tmp surefire_017712171451903609854tmp"/>
    <property name="jdk.debug" value="release"/>
    <property name="surefire.test.class.path" value="C:\Users\sobol\IdeaProjects\labs\clientAsured\target\test-classes;C:\Users\sobol\IdeaProjects\labs\clientAsured\target\classes;C:\Users\sobol\.m2\repository\org\testng\testng\7.1.0\testng-7.1.0.jar;C:\Users\sobol\.m2\repository\com\beust\jcommander\1.72\jcommander-1.72.jar;C:\Users\sobol\.m2\repository\com\google\inject\guice\4.1.0\guice-4.1.0-no_aop.jar;C:\Users\sobol\.m2\repository\javax\inject\javax.inject\1\javax.inject-1.jar;C:\Users\sobol\.m2\repository\aopalliance\aopalliance\1.0\aopalliance-1.0.jar;C:\Users\sobol\.m2\repository\com\google\guava\guava\19.0\guava-19.0.jar;C:\Users\sobol\.m2\repository\org\yaml\snakeyaml\1.21\snakeyaml-1.21.jar;C:\Users\sobol\.m2\repository\com\google\code\gson\gson\2.8.6\gson-2.8.6.jar;C:\Users\sobol\.m2\repository\io\rest-assured\rest-assured\4.3.0\rest-assured-4.3.0.jar;C:\Users\sobol\.m2\repository\org\codehaus\groovy\groovy\3.0.2\groovy-3.0.2.jar;C:\Users\sobol\.m2\repository\org\codehaus\groovy\groovy-xml\3.0.2\groovy-xml-3.0.2.jar;C:\Users\sobol\.m2\repository\org\apache\httpcomponents\httpclient\4.5.3\httpclient-4.5.3.jar;C:\Users\sobol\.m2\repository\org\apache\httpcomponents\httpcore\4.4.6\httpcore-4.4.6.jar;C:\Users\sobol\.m2\repository\commons-logging\commons-logging\1.2\commons-logging-1.2.jar;C:\Users\sobol\.m2\repository\commons-codec\commons-codec\1.9\commons-codec-1.9.jar;C:\Users\sobol\.m2\repository\org\apache\httpcomponents\httpmime\4.5.3\httpmime-4.5.3.jar;C:\Users\sobol\.m2\repository\org\hamcrest\hamcrest\2.1\hamcrest-2.1.jar;C:\Users\sobol\.m2\repository\org\ccil\cowan\tagsoup\tagsoup\1.2.1\tagsoup-1.2.1.jar;C:\Users\sobol\.m2\repository\io\rest-assured\json-path\4.3.0\json-path-4.3.0.jar;C:\Users\sobol\.m2\repository\org\codehaus\groovy\groovy-json\3.0.2\groovy-json-3.0.2.jar;C:\Users\sobol\.m2\repository\io\rest-assured\rest-assured-common\4.3.0\rest-assured-common-4.3.0.jar;C:\Users\sobol\.m2\repository\io\rest-assured\xml-path\4.3.0\xml-path-4.3.0.jar;C:\Users\sobol\.m2\repository\org\apache\commons\commons-lang3\3.4\commons-lang3-3.4.jar;C:\Users\sobol\.m2\repository\jakarta\xml\bind\jakarta.xml.bind-api\2.3.2\jakarta.xml.bind-api-2.3.2.jar;C:\Users\sobol\.m2\repository\jakarta\activation\jakarta.activation-api\1.2.1\jakarta.activation-api-1.2.1.jar;C:\Users\sobol\.m2\repository\com\sun\xml\bind\jaxb-osgi\2.3.0.1\jaxb-osgi-2.3.0.1.jar;C:\Users\sobol\.m2\repository\org\apache\sling\org.apache.sling.javax.activation\0.1.0\org.apache.sling.javax.activation-0.1.0.jar;C:\Users\sobol\.m2\repository\javax\activation\activation\1.1.1\activation-1.1.1.jar;C:\Users\sobol\.m2\repository\org\hamcrest\hamcrest-all\1.3\hamcrest-all-1.3.jar;"/>
    <property name="sun.cpu.endian" value="little"/>
    <property name="user.home" value="C:\Users\sobol"/>
    <property name="user.language" value="ru"/>
    <property name="java.specification.vendor" value="Oracle Corporation"/>
    <property name="java.version.date" value="2020-04-14"/>
    <property name="java.home" value="C:\Program Files\Java\jdk-11.0.7"/>
    <property name="file.separator" value="\"/>
    <property name="basedir" value="C:\Users\sobol\IdeaProjects\labs\clientAsured"/>
    <property name="java.vm.compressedOopsMode" value="32-bit"/>
    <property name="line.separator" value="&#10;"/>
    <property name="java.specification.name" value="Java Platform API Specification"/>
    <property name="java.vm.specification.vendor" value="Oracle Corporation"/>
    <property name="java.awt.graphicsenv" value="sun.awt.Win32GraphicsEnvironment"/>
    <property name="surefire.real.class.path" value="C:\Users\sobol\AppData\Local\Temp\surefire12906913349332378980\surefirebooter17610815692221498267.jar"/>
    <property name="user.script" value=""/>
    <property name="sun.management.compiler" value="HotSpot 64-Bit Tiered Compilers"/>
    <property name="java.runtime.version" value="11.0.7+8-LTS"/>
    <property name="user.name" value="sobol"/>
    <property name="path.separator" value=";"/>
    <property name="os.version" value="10.0"/>
    <property name="java.runtime.name" value="Java(TM) SE Runtime Environment"/>
    <property name="file.encoding" value="Cp1251"/>
    <property name="java.vm.name" value="Java HotSpot(TM) 64-Bit Server VM"/>
    <property name="java.vendor.version" value="18.9"/>
    <property name="localRepository" value="C:\Users\sobol\.m2\repository"/>
    <property name="java.vendor.url.bug" value="https://bugreport.java.com/bugreport/"/>
    <property name="java.io.tmpdir" value="C:\Users\sobol\AppData\Local\Temp\"/>
    <property name="java.version" value="11.0.7"/>
    <property name="user.dir" value="C:\Users\sobol\IdeaProjects\labs\clientAsured"/>
    <property name="os.arch" value="amd64"/>
    <property name="java.vm.specification.name" value="Java Virtual Machine Specification"/>
    <property name="java.awt.printerjob" value="sun.awt.windows.WPrinterJob"/>
    <property name="sun.os.patch.level" value=""/>
    <property name="java.library.path" value="C:\Program Files\Java\jdk-11.0.7\bin;C:\Windows\Sun\Java\bin;C:\Windows\system32;C:\Windows;C:\Windows\system32;C:\Windows;C:\Windows\System32\Wbem;C:\Windows\System32\WindowsPowerShell\v1.0\;C:\Windows\System32\OpenSSH\;C:\Program Files\dotnet\;C:\Program Files\Microsoft SQL Server\130\Tools\Binn\;C:\Program Files (x86)\Google\Chrome\Application\;C:\Program Files\Notepad++;C:\Users\sobol\Downloads\apache-maven-3.6.1-src\apache-maven-3.6.1\apache-maven\src\bin;C:\Users\sobol\Downloads\apache-maven-3.6.1-src\apache-maven-3.6.1\apache-maven\src;C:\Program Files\Git\cmd;C:\Program Files\Apache Software Foundation\Tomcat 8.5\bin;C:\Program Files (x86)\Google\Chrome\Application;C:\Users\sobol\AppData\Local\Programs\Python\Python38;C:\Program Files\PuTTY\;U:\Programs\wildfly-19.0.0.Final\bin;U:\apache-maven-3.6.3\bin;C:\Program Files\Java\jdk-11.0.7\bin;C:\Program Files\MySQL\MySQL Shell 8.0\bin\;C:\Users\sobol\AppData\Local\Programs\Python\Python38\Scripts\;C:\Users\sobol\AppData\Local\Programs\Python\Python38\;C:\Users\sobol\AppData\Local\Microsoft\WindowsApps;C:\Program Files (x86)\MinGWStudio\MinGW\bin;C:\Program Files\JetBrains\IntelliJ IDEA Community Edition 2018.3.4\bin;;C:\Program Files\JetBrains\IntelliJ IDEA 2019.1.2\bin;C:\Program Files\Java\jdk-13.0.1;;C:\Program Files\JetBrains\DataGrip 2019.3.2\bin;;U:\Programs\wildfly-19.0.0.Final\bin;;."/>
    <property name="java.vendor" value="Oracle Corporation"/>
    <property name="java.vm.info" value="mixed mode"/>
    <property name="java.vm.version" value="11.0.7+8-LTS"/>
    <property name="sun.io.unicode.encoding" value="UnicodeLittle"/>
    <property name="java.class.version" value="55.0"/>
  </properties>
  <testcase name="test_POST" classname="dins.com.post.Tests_POST" time="2.986">
    <failure message="1 expectation failed.&#10;JSON path id doesn&apos;t match.&#10;Expected: &lt;10&gt;&#10;  Actual: 3&#10;" type="java.lang.AssertionError"><![CDATA[java.lang.AssertionError: 
1 expectation failed.
JSON path id doesn't match.
Expected: <10>
  Actual: 3

	at dins.com.post.Tests_POST.test_POST(Tests_POST.java:25)
]]></failure>
  </testcase>
</testsuite>