<?xml version="1.0" encoding="UTF-8"?>
<!-- Generated by org.testng.reporters.JUnitReportReporter -->
<testsuite hostname="DESKTOP-T97NK7Q" failures="0" tests="2" name="dins.com.get.Tests_GET" time="0.054" errors="0" timestamp="2020-06-11T21:03:50 MSK" skipped="0">
  <testcase classname="dins.com.get.Tests_GET" name="test_GET_getUsersById_negative" time="0.024"/>
  <system-out/>
  <testcase classname="dins.com.get.Tests_GET" name="test_GET_getUsers_positive" time="0.030"/>
  <system-out/>
</testsuite> <!-- dins.com.get.Tests_GET -->
