<?xml version="1.0" encoding="UTF-8"?>
<!-- Generated by org.testng.reporters.JUnitReportReporter -->
<testsuite hostname="DESKTOP-T97NK7Q" failures="0" tests="2" name="dins.com.post.Tests_POST" time="2.164" errors="0" timestamp="2020-06-11T21:03:50 MSK" skipped="0">
  <testcase classname="dins.com.post.Tests_POST" name="test_POST_createUser_withRequiredField_positive" time="1.967"/>
  <system-out/>
  <testcase classname="dins.com.post.Tests_POST" name="test_POST_createUser_withNonRequiredField_negative" time="0.197"/>
  <system-out/>
</testsuite> <!-- dins.com.post.Tests_POST -->
