<?xml version="1.0" encoding="UTF-8"?>
<!-- Generated by org.testng.reporters.JUnitReportReporter -->
<testsuite hostname="DESKTOP-T97NK7Q" failures="0" tests="1" name="dins.com.put.Tests_PUT" time="0.001" errors="0" timestamp="2020-06-10T18:42:56 MSK" skipped="0">
  <testcase classname="dins.com.put.Tests_PUT" name="test_PUT" time="0.001"/>
  <system-out/>
</testsuite> <!-- dins.com.put.Tests_PUT -->
